12:08:33,880 INFO  [BundleRegistry] Registering resolved bundle: org.nuxeo.osgi.app
12:08:33,901 INFO  [OSGIRuntimeTestActivator] Starting Runtime Activator
12:08:33,957 INFO  [JavaUtilLoggingHelper] Redirecting java.util.logging to Apache Commons Logging, threshold is INFO
12:08:33,966 INFO  [AbstractRuntimeService] Starting Nuxeo Runtime service OSGi NXRuntime; version: 1.4.0
12:08:34,031 INFO  [BundleRegistry] Registering resolved bundle: org.nuxeo.runtime.stream
12:08:34,057 INFO  [BundleRegistry] Registering resolved bundle: org.nuxeo.ecm.core.event
12:08:34,073 INFO  [ComponentManagerImpl] Registration delayed for component: service:org.nuxeo.ecm.core.scheduler.SchedulerService. Waiting for: [service:org.nuxeo.runtime.cluster.ClusterService]
12:08:34,089 INFO  [BundleRegistry] Registering resolved bundle: org.nuxeo.ecm.automation.features
12:08:34,094 INFO  [ComponentManagerImpl] Registration delayed for component: service:org.nuxeo.ecm.core.automation.features.operations. Waiting for: [service:org.nuxeo.ecm.core.automation.coreContrib]
12:08:34,103 INFO  [ComponentManagerImpl] Registration delayed for component: service:org.nuxeo.ecm.core.automation.features.bulk. Waiting for: [service:org.nuxeo.ecm.core.bulk.config]
12:08:34,105 INFO  [BundleRegistry] Registering resolved bundle: org.nuxeo.ecm.core.schema
12:08:34,137 INFO  [BundleRegistry] Registering resolved bundle: org.nuxeo.runtime.jtajca
12:08:34,139 INFO  [BundleRegistry] Registering resolved bundle: org.nuxeo.ecm.directory.types.contrib
12:08:34,141 INFO  [ComponentManagerImpl] Registration delayed for component: service:org.nuxeo.ecm.directory.types. Waiting for: [service:org.nuxeo.ecm.core.CoreExtensions]
12:08:34,155 INFO  [BundleRegistry] Registering resolved bundle: org.nuxeo.ecm.directory.sql
12:08:34,160 INFO  [ComponentManagerImpl] Registration delayed for component: service:org.nuxeo.ecm.directory.sql.SQLDirectoryFactory. Waiting for: [service:org.nuxeo.ecm.directory.DirectoryServiceImpl]
12:08:34,161 INFO  [BundleRegistry] Registering resolved bundle: org.nuxeo.ecm.core.storage
12:08:34,163 INFO  [BundleRegistry] Registering resolved bundle: org.nuxeo.ecm.automation.core
12:08:34,169 INFO  [ComponentManagerImpl] Registration delayed for component: service:org.nuxeo.ecm.core.operation.OperationServiceComponent. Waiting for: [service:org.nuxeo.runtime.management.ServerLocator]
12:08:34,177 INFO  [BundleRegistry] Registering resolved bundle: org.nuxeo.ecm.platform.commandline.executor
12:08:34,184 INFO  [BundleRegistry] Registering resolved bundle: org.nuxeo.ecm.platform.picture.core
12:08:34,186 INFO  [ComponentManagerImpl] Registration delayed for component: service:org.nuxeo.ecm.platform.picture.ImagingComponent. Waiting for: [service:org.nuxeo.ecm.core.operation.OperationServiceComponent]
12:08:34,189 INFO  [ComponentManagerImpl] Registration delayed for component: service:org.nuxeo.ecm.platform.imaging.bulk. Waiting for: [service:org.nuxeo.ecm.core.bulk]
12:08:34,191 INFO  [ComponentManagerImpl] Registration delayed for component: service:org.nuxeo.ecm.platform.picture.coreTypes. Waiting for: [service:org.nuxeo.ecm.core.CoreExtensions, service:org.nuxeo.ecm.tags.schemas]
12:08:34,195 INFO  [ComponentManagerImpl] Registration delayed for component: service:org.nuxeo.ecm.platform.picture.web.coreTypes. Waiting for: [service:org.nuxeo.ecm.core.CoreExtensions]
12:08:34,197 INFO  [ComponentManagerImpl] Registration delayed for component: service:org.nuxeo.ecm.platform.picture.core.libraryselector.LibrarySelectorService. Waiting for: [service:org.nuxeo.ecm.platform.picture.commandline.imagemagick]
12:08:34,203 INFO  [ComponentManagerImpl] Registration delayed for component: service:org.nuxeo.ecm.platform.picture.renditions. Waiting for: [service:org.nuxeo.ecm.platform.rendition.contrib]
12:08:34,205 INFO  [ComponentManagerImpl] Registration delayed for component: service:org.nuxeo.ecm.platform.picture.web.preview.adapter.contrib. Waiting for: [service:org.nuxeo.ecm.platform.preview.adapter.contrib]
12:08:34,210 INFO  [BundleRegistry] Registering resolved bundle: org.nuxeo.directory.mongodb
12:08:34,213 INFO  [ComponentManagerImpl] Registration delayed for component: service:org.nuxeo.directory.mongodb.MongoDBDirectoryFactory. Waiting for: [service:org.nuxeo.runtime.mongodb.MongoDBComponent, service:org.nuxeo.ecm.directory.DirectoryServiceImpl, service:org.nuxeo.ecm.directory.sql.SQLDirectoryFactory]
12:08:34,213 INFO  [BundleRegistry] Registering resolved bundle: org.nuxeo.ecm.core
12:08:34,217 INFO  [ComponentManagerImpl] Registration delayed for component: service:org.nuxeo.ecm.core.repository.RepositoryServiceComponent. Waiting for: [service:org.nuxeo.runtime.cluster.ClusterService, service:org.nuxeo.ecm.core.api.repository.RepositoryManager]
12:08:34,239 INFO  [ComponentManagerImpl] Registration delayed for component: service:org.nuxeo.ecm.core.versioning.default-policies. Waiting for: [service:org.nuxeo.ecm.platform.el.service]
12:08:34,257 INFO  [ComponentManagerImpl] Registration delayed for component: service:org.nuxeo.ecm.core.deletion.config. Waiting for: [service:org.nuxeo.ecm.core.bulk]
12:08:34,260 INFO  [BundleRegistry] Registering resolved bundle: org.nuxeo.ecm.core.query
12:08:34,262 INFO  [BundleRegistry] Registering resolved bundle: org.nuxeo.runtime.cluster
12:08:34,264 INFO  [ComponentManagerImpl] Registration delayed for component: service:org.nuxeo.runtime.cluster.ClusterService. Waiting for: [service:org.nuxeo.runtime.kv.KeyValueService]
12:08:34,264 INFO  [BundleRegistry] Registering resolved bundle: org.nuxeo.runtime.datasource
12:08:34,268 INFO  [BundleRegistry] Registering resolved bundle: org.nuxeo.runtime.migration
12:08:34,270 INFO  [ComponentManagerImpl] Registration delayed for component: service:org.nuxeo.runtime.migration.MigrationService. Waiting for: [service:org.nuxeo.runtime.kv.KeyValueService]
12:08:34,271 INFO  [BundleRegistry] Registering resolved bundle: org.nuxeo.runtime.kv
12:08:34,273 INFO  [BundleRegistry] Registering resolved bundle: org.nuxeo.ecm.core.convert.plugins
12:08:34,275 INFO  [BundleRegistry] Registering resolved bundle: org.nuxeo.ecm.directory
12:08:34,278 INFO  [ComponentManagerImpl] Registration delayed for component: service:org.nuxeo.ecm.directory.DirectoryServiceImpl. Waiting for: [service:org.nuxeo.ecm.core.cache.CacheService]
12:08:34,279 INFO  [ComponentManagerImpl] Registration delayed for component: service:org.nuxeo.ecm.directory.GenericDirectory. Waiting for: [service:org.nuxeo.ecm.directory.DirectoryServiceImpl]
12:08:34,282 INFO  [ComponentManagerImpl] Registration delayed for component: service:org.nuxeo.ecm.directory.core.CoreDirectoryFactory. Waiting for: [service:org.nuxeo.ecm.directory.DirectoryServiceImpl]
12:08:34,285 INFO  [BundleRegistry] Registering resolved bundle: org.nuxeo.ecm.actions
12:08:34,292 INFO  [BundleRegistry] Registering resolved bundle: org.nuxeo.ecm.core.bulk.test
12:08:34,294 INFO  [BundleRegistry] Registering resolved bundle: org.nuxeo.ecm.core.storage.sql.test
12:08:34,294 INFO  [BundleRegistry] Registering resolved bundle: org.nuxeo.ecm.core.bulk
12:08:34,301 INFO  [BundleRegistry] Registering resolved bundle: org.nuxeo.runtime.metrics
12:08:34,304 INFO  [BundleRegistry] Registering resolved bundle: org.nuxeo.ecm.automation.scripting
12:08:34,307 INFO  [ComponentManagerImpl] Registration delayed for component: service:org.nuxeo.automation.scripting.internals.AutomationScriptingComponent. Waiting for: [service:org.nuxeo.ecm.core.operation.OperationServiceComponent]
12:08:34,309 INFO  [BundleRegistry] Registering resolved bundle: org.nuxeo.runtime.pubsub
12:08:34,311 INFO  [BundleRegistry] Registering resolved bundle: org.nuxeo.ecm.core.mimetype
12:08:34,317 INFO  [BundleRegistry] Registering resolved bundle: org.nuxeo.ecm.core.test
12:08:34,317 INFO  [BundleRegistry] Registering resolved bundle: org.nuxeo.ecm.core.storage.mem
12:08:34,322 INFO  [ComponentManagerImpl] Registration delayed for component: service:org.nuxeo.ecm.core.storage.mem.MemRepositoryService. Waiting for: [service:org.nuxeo.ecm.core.storage.dbs.DBSRepositoryService]
12:08:34,322 INFO  [BundleRegistry] Registering resolved bundle: nuxeo.labs.utils.nuxeo-labs-utils-core
12:08:34,324 INFO  [BundleRegistry] Registering resolved bundle: org.nuxeo.ecm.core.storage.mongodb
12:08:34,327 INFO  [ComponentManagerImpl] Registration delayed for component: service:org.nuxeo.ecm.core.storage.mongodb.MongoDBRepositoryService. Waiting for: [service:org.nuxeo.ecm.core.storage.dbs.DBSRepositoryService]
12:08:34,329 INFO  [BundleRegistry] Registering resolved bundle: org.nuxeo.ecm.core.storage.sql
12:08:34,336 INFO  [ComponentManagerImpl] Registration delayed for component: service:org.nuxeo.ecm.core.repository.RepositoryService. Waiting for: [service:org.nuxeo.ecm.core.storage.sql.RepositoryService]
12:08:34,337 INFO  [ComponentManagerImpl] Registration delayed for component: service:org.nuxeo.ecm.core.storage.sql.RepositoryService. Waiting for: [service:org.nuxeo.ecm.core.repository.RepositoryServiceComponent, service:org.nuxeo.ecm.core.api.repository.RepositoryManager]
12:08:34,338 INFO  [BundleRegistry] Registering resolved bundle: org.nuxeo.ecm.directory.api
12:08:34,339 INFO  [BundleRegistry] Registering resolved bundle: org.nuxeo.ecm.core.api
12:08:34,353 INFO  [BundleRegistry] Registering resolved bundle: org.nuxeo.ecm.core.convert
12:08:34,356 INFO  [BundleRegistry] Registering resolved bundle: org.nuxeo.ecm.platform.el
12:08:34,357 INFO  [BundleRegistry] Registering resolved bundle: org.nuxeo.ecm.platform.query.api
12:08:34,360 INFO  [BundleRegistry] Registering resolved bundle: org.nuxeo.runtime.reload
12:08:34,362 INFO  [BundleRegistry] Registering resolved bundle: org.nuxeo.ecm.platform.tag
12:08:34,370 INFO  [BundleRegistry] Registering resolved bundle: org.nuxeo.runtime.stream.test
12:08:34,370 INFO  [BundleRegistry] Registering resolved bundle: org.nuxeo.runtime.management
12:08:34,372 INFO  [ComponentManagerImpl] Registration delayed for component: service:org.nuxeo.runtime.management.ResourcePublisher. Waiting for: [service:org.nuxeo.runtime.management.ServerLocator]
12:08:34,374 INFO  [BundleRegistry] Registering resolved bundle: org.nuxeo.ecm.platform.api
12:08:34,374 INFO  [BundleRegistry] Registering resolved bundle: org.nuxeo.ecm.platform.dublincore
12:08:34,376 INFO  [BundleRegistry] Registering resolved bundle: org.nuxeo.runtime.mongodb
12:08:34,378 INFO  [BundleRegistry] Registering resolved bundle: org.nuxeo.ecm.core.cache
12:08:34,382 INFO  [BundleRegistry] Registering resolved bundle: org.nuxeo.ecm.core.io
12:08:34,388 INFO  [BundleRegistry] Registering resolved bundle: org.nuxeo.ecm.core.storage.dbs
12:08:34,392 INFO  [BundleRegistry] Registering resolved bundle: org.nuxeo.ecm.platform.content.template
12:08:34,398 INFO  [BundleRegistry] Registering resolved bundle: org.nuxeo.ecm.platform.usermanager
12:08:34,421 INFO  [RuntimeStreamFeature] Deploying Nuxeo Stream using Chronicle
12:08:34,423 INFO  [WorkManagerFeature] Deploying WorkManager using default implementation
12:08:34,426 INFO  [StorageConfiguration] Deploying JDBC using DatabaseH2
12:08:34,688 INFO  [StorageConfiguration] Deploying a VCS repository
12:08:34,702 INFO  [ComponentManagerImpl] Starting Nuxeo Components
12:08:34,703 INFO  [ComponentManagerImpl] Instantiate components
12:08:35,205 INFO  [ComponentManagerImpl] Activate components
12:08:35,296 WARN  [CommandLineExecutorComponent] Command not available: timeout (command timeout not found in system path (descriptor CommandLineDescriptor[available=false,command=timeout,enabled=true,installErrorMessage=<null>,installationDirective=<null>,name=timeout,parameterString=--version,readOutput=true,testParameterString=,tester=<null>,timeout=<null>,winCommand=<null>,winParameterString=<null>,winTestParameterString=]). null)
12:08:35,296 WARN  [CommandLineExecutorComponent] There is no timeout command available, command executions won't be time-boxed.
12:08:35,317 INFO  [CommandLineExecutorComponent] Registered command: identify
12:08:35,334 INFO  [CommandLineExecutorComponent] Registered command: crop
12:08:35,352 INFO  [CommandLineExecutorComponent] Registered command: resizer
12:08:35,370 INFO  [CommandLineExecutorComponent] Registered command: gifResizer
12:08:35,387 INFO  [CommandLineExecutorComponent] Registered command: jpegResizer
12:08:35,404 INFO  [CommandLineExecutorComponent] Registered command: rotate
12:08:35,422 INFO  [CommandLineExecutorComponent] Registered command: cropAndResize
12:08:35,439 INFO  [CommandLineExecutorComponent] Registered command: multiTiler
12:08:35,443 INFO  [SchemaManagerImpl] Registered schema: core-types
12:08:35,443 INFO  [SchemaManagerImpl] Registered schema: base
12:08:35,443 INFO  [SchemaManagerImpl] Registered schema: relation
12:08:35,443 INFO  [SchemaManagerImpl] Registered schema: common
12:08:35,444 INFO  [SchemaManagerImpl] Registered schema: dublincore
12:08:35,444 INFO  [SchemaManagerImpl] Registered schema: uid
12:08:35,444 INFO  [SchemaManagerImpl] Registered schema: file
12:08:35,444 INFO  [SchemaManagerImpl] Registered schema: files
12:08:35,444 INFO  [SchemaManagerImpl] Registered schema: note
12:08:35,444 INFO  [SchemaManagerImpl] Registered schema: domain
12:08:35,444 INFO  [SchemaManagerImpl] Registered schema: relatedtext
12:08:35,444 INFO  [SchemaManagerImpl] Registered schema: publishing
12:08:35,444 INFO  [SchemaManagerImpl] Registered schema: webcontainer
12:08:35,445 INFO  [SchemaManagerImpl] Registered schema: collection
12:08:35,445 INFO  [SchemaManagerImpl] Registered schema: collectionMember
12:08:35,445 INFO  [SchemaManagerImpl] Registered global prefetch: common, dublincore
12:08:35,446 INFO  [SchemaManagerImpl] Registered clearComplexPropertyBeforeSet: true
12:08:35,446 INFO  [SchemaManagerImpl] Registered allowVersionWriteForDublinCore: false
12:08:35,448 INFO  [SchemaManagerImpl] Registered facet: Folderish
12:08:35,448 INFO  [SchemaManagerImpl] Registered facet: Orderable
12:08:35,448 INFO  [SchemaManagerImpl] Registered facet: Versionable
12:08:35,448 INFO  [SchemaManagerImpl] Registered facet: Downloadable
12:08:35,448 INFO  [SchemaManagerImpl] Registered facet: Publishable
12:08:35,448 INFO  [SchemaManagerImpl] Registered facet: PublishSpace
12:08:35,449 INFO  [SchemaManagerImpl] Registered facet: MasterPublishSpace
12:08:35,449 INFO  [SchemaManagerImpl] Registered facet: Commentable
12:08:35,449 INFO  [SchemaManagerImpl] Registered facet: WebView
12:08:35,449 INFO  [SchemaManagerImpl] Registered facet: SuperSpace
12:08:35,449 INFO  [SchemaManagerImpl] Registered facet: HiddenInNavigation
12:08:35,449 INFO  [SchemaManagerImpl] Registered facet: SystemDocument
12:08:35,449 INFO  [SchemaManagerImpl] Registered facet: NotFulltextIndexable
12:08:35,450 INFO  [SchemaManagerImpl] Registered facet: BigFolder
12:08:35,450 INFO  [SchemaManagerImpl] Registered facet: HiddenInCreation
12:08:35,450 INFO  [SchemaManagerImpl] Registered facet: HasRelatedText
12:08:35,450 INFO  [SchemaManagerImpl] Registered facet: Collection
12:08:35,450 INFO  [SchemaManagerImpl] Registered facet: NotCollectionMember
12:08:35,450 INFO  [SchemaManagerImpl] Registered facet: CollectionMember
12:08:35,451 INFO  [SchemaManagerImpl] Registered proxies descriptor for schemas: [collectionMember]
12:08:35,451 INFO  [SchemaManagerImpl] Registered document type: Folder
12:08:35,451 INFO  [SchemaManagerImpl] Registered document type: OrderedFolder
12:08:35,451 INFO  [SchemaManagerImpl] Registered document type: HiddenFolder
12:08:35,451 INFO  [SchemaManagerImpl] Registered document type: Root
12:08:35,451 INFO  [SchemaManagerImpl] Registered document type: Relation
12:08:35,451 INFO  [SchemaManagerImpl] Registered document type: Domain
12:08:35,452 INFO  [SchemaManagerImpl] Registered document type: WorkspaceRoot
12:08:35,452 INFO  [SchemaManagerImpl] Registered document type: Workspace
12:08:35,452 INFO  [SchemaManagerImpl] Registered document type: TemplateRoot
12:08:35,452 INFO  [SchemaManagerImpl] Registered document type: SectionRoot
12:08:35,452 INFO  [SchemaManagerImpl] Registered document type: Section
12:08:35,452 INFO  [SchemaManagerImpl] Registered document type: File
12:08:35,452 INFO  [SchemaManagerImpl] Registered document type: Note
12:08:35,452 INFO  [SchemaManagerImpl] Registered document type: Collection
12:08:35,452 INFO  [SchemaManagerImpl] Registered document type: Collections
12:08:35,454 INFO  [SchemaManagerImpl] Registered schema: user
12:08:35,454 INFO  [SchemaManagerImpl] Registered schema: group
12:08:35,454 INFO  [SchemaManagerImpl] Registered schema: vocabulary
12:08:35,454 INFO  [SchemaManagerImpl] Registered schema: xvocabulary
12:08:35,454 INFO  [SchemaManagerImpl] Registered schema: l10nvocabulary
12:08:35,454 INFO  [SchemaManagerImpl] Registered schema: l10nxvocabulary
12:08:35,454 INFO  [SchemaManagerImpl] Registered schema: documentsLists
12:08:35,454 INFO  [SchemaManagerImpl] Registered schema: picturebook
12:08:35,455 INFO  [SchemaManagerImpl] Registered document type: PictureBook
12:08:35,456 INFO  [LifeCycleTypeRegistry] Registering lifecycle types mapping: Picture-default
12:08:35,456 INFO  [LifeCycleTypeRegistry] Registering lifecycle types mapping: PictureBook-default
12:08:35,457 INFO  [LifeCycleRegistry] Registering lifecycle: default
12:08:35,457 INFO  [LifeCycleTypeRegistry] Registering lifecycle types mapping: File-default
12:08:35,457 INFO  [LifeCycleTypeRegistry] Registering lifecycle types mapping: Note-default
12:08:35,457 INFO  [LifeCycleTypeRegistry] Registering lifecycle types mapping: Calendar-default
12:08:35,457 INFO  [LifeCycleTypeRegistry] Registering lifecycle types mapping: Folder-default
12:08:35,457 INFO  [LifeCycleTypeRegistry] Registering lifecycle types mapping: OrderedFolder-default
12:08:35,457 INFO  [LifeCycleTypeRegistry] Registering lifecycle types mapping: Workspace-default
12:08:35,457 INFO  [LifeCycleTypeRegistry] Registering lifecycle types mapping: Domain-default
12:08:35,457 INFO  [LifeCycleTypeRegistry] Registering lifecycle types mapping: Root-default
12:08:35,458 INFO  [LifeCycleTypeRegistry] Registering lifecycle types mapping: Section-default
12:08:35,458 INFO  [LifeCycleTypeRegistry] Registering lifecycle types mapping: WorkspaceRoot-default
12:08:35,458 INFO  [LifeCycleTypeRegistry] Registering lifecycle types mapping: SectionRoot-default
12:08:35,458 INFO  [LifeCycleTypeRegistry] Registering lifecycle types mapping: TemplateRoot-default
12:08:35,495 INFO  [CommandLineExecutorComponent] Registered command: pdftotext
12:08:35,551 INFO  [CommandLineExecutorComponent] Registered command: ps2pdf
12:08:35,551 INFO  [SchemaManagerImpl] Registered schema: directory_configuration
12:08:35,551 INFO  [SchemaManagerImpl] Registered facet: DirectoryLocalConfiguration
12:08:35,569 INFO  [QueryMakerServiceImpl] Registering QueryMaker 'NXQL': org.nuxeo.ecm.core.storage.sql.jdbc.NXQLQueryMaker
12:08:35,571 INFO  [DocumentAdapterService] Registered document adapter factory null: interface org.nuxeo.ecm.platform.picture.api.adapters.MultiviewPicture
12:08:35,571 INFO  [DocumentAdapterService] Registered document adapter factory null: interface org.nuxeo.ecm.platform.picture.api.adapters.PictureResourceAdapter
12:08:35,571 INFO  [DocumentAdapterService] Registered document adapter factory null: interface org.nuxeo.ecm.core.api.facet.VersioningDocument
12:08:35,572 INFO  [DocumentAdapterService] Registered document adapter factory null: interface org.nuxeo.ecm.directory.localconfiguration.DirectoryConfiguration
12:08:35,573 INFO  [DocumentAdapterService] Registered document adapter factory null: interface org.nuxeo.ecm.core.api.blobholder.BlobHolder
12:08:35,574 INFO  [DocumentAdapterService] Registered document adapter factory null: class org.nuxeo.ecm.core.api.thumbnail.ThumbnailAdapter
12:08:35,587 INFO  [VersioningComponent] Registered versioning policy: no-versioning-for-system-before-update
12:08:35,588 INFO  [VersioningComponent] Registered versioning policy: no-versioning-for-system-after-update
12:08:35,589 INFO  [VersioningComponent] Registered versioning policy: disable-versioning-before-update
12:08:35,589 INFO  [VersioningComponent] Registered versioning policy: disable-versioning-after-update
12:08:35,589 INFO  [VersioningComponent] Registered versioning policy: note-as-wiki
12:08:35,589 INFO  [VersioningComponent] Registered versioning policy: collaborative-save
12:08:35,590 INFO  [VersioningComponent] Registered versioning filter: system-document
12:08:35,591 INFO  [VersioningComponent] Registered versioning filter: disable-versioning
12:08:35,591 INFO  [VersioningComponent] Registered versioning filter: note-filter
12:08:35,591 INFO  [VersioningComponent] Registered versioning filter: last-contributor-different-filter
12:08:35,599 INFO  [PageProviderRegistry] Registering page provider with name AUDIT_BROWSER
12:08:35,599 INFO  [PageProviderRegistry] Registering page provider with name document_picker
12:08:35,599 INFO  [PageProviderRegistry] Registering page provider with name nuxeo_directory_entry_listing
12:08:35,600 INFO  [SchemaManagerImpl] Registered schema: tag
12:08:35,600 INFO  [SchemaManagerImpl] Registered document type: Tag
12:08:35,600 INFO  [SchemaManagerImpl] Registered document type: Tagging
12:08:35,600 INFO  [QueryMakerServiceImpl] Registering QueryMaker 'NXTAG': org.nuxeo.ecm.platform.tag.TagQueryMaker
12:08:35,603 INFO  [PageProviderRegistry] Registering page provider with name GET_DOCUMENT_IDS_FOR_FACETED_TAG
12:08:35,603 INFO  [PageProviderRegistry] Registering page provider with name GET_DOCUMENT_IDS_FOR_TAG
12:08:35,603 INFO  [PageProviderRegistry] Registering page provider with name GET_FIRST_TAGGING_FOR_DOC_AND_TAG
12:08:35,603 INFO  [PageProviderRegistry] Registering page provider with name GET_FIRST_TAGGING_FOR_DOC_AND_TAG_AND_USER
12:08:35,603 INFO  [PageProviderRegistry] Registering page provider with name GET_TAGS_FOR_DOCUMENT
12:08:35,604 INFO  [PageProviderRegistry] Registering page provider with name GET_TAGS_FOR_DOCUMENT_CORE
12:08:35,604 INFO  [PageProviderRegistry] Registering page provider with name GET_DOCUMENTS_FOR_TAG
12:08:35,604 INFO  [PageProviderRegistry] Registering page provider with name GET_TAGS_FOR_DOCUMENT_AND_USER
12:08:35,604 INFO  [PageProviderRegistry] Registering page provider with name GET_TAGS_FOR_DOCUMENT_AND_USER_CORE
12:08:35,604 INFO  [PageProviderRegistry] Registering page provider with name GET_DOCUMENTS_FOR_TAG_AND_USER
12:08:35,604 INFO  [PageProviderRegistry] Registering page provider with name GET_TAGS_TO_COPY_FOR_DOCUMENT
12:08:35,604 INFO  [PageProviderRegistry] Registering page provider with name GET_FACETED_TAG_SUGGESTIONS
12:08:35,604 INFO  [PageProviderRegistry] Registering page provider with name GET_TAG_SUGGESTIONS
12:08:35,604 INFO  [PageProviderRegistry] Registering page provider with name GET_TAG_SUGGESTIONS_FOR_USER
12:08:35,604 INFO  [PageProviderRegistry] Registering page provider with name GET_ALL_TAGS
12:08:35,605 INFO  [PageProviderRegistry] Registering page provider with name GET_ALL_TAGS_FOR_USER
12:08:35,605 INFO  [PageProviderRegistry] Registering page provider with name GET_TAGS_FOR_DOCUMENTS
12:08:35,605 INFO  [PageProviderRegistry] Registering page provider with name GET_TAGS_FOR_DOCUMENTS_AND_USER
12:08:35,605 INFO  [PageProviderRegistry] Registering page provider with name GET_TAGGED_DOCUMENTS_UNDER
12:08:35,605 INFO  [SchemaManagerImpl] Registered schema: facetedTag
12:08:35,605 INFO  [SchemaManagerImpl] Registered facet: NXTag
12:08:35,605 INFO  [SchemaManagerImpl] Registered document type: Folder
12:08:35,606 INFO  [SchemaManagerImpl] Registered document type: File
12:08:35,606 INFO  [SchemaManagerImpl] Registered document type: Note
12:08:35,606 INFO  [SchemaManagerImpl] Registered document type: Collection
12:08:35,606 INFO  [SchemaManagerImpl] Registered schema: picture
12:08:35,606 INFO  [SchemaManagerImpl] Registered schema: image_metadata
12:08:35,606 INFO  [SchemaManagerImpl] Registered schema: iptc
12:08:35,607 INFO  [SchemaManagerImpl] Registered facet: Picture
12:08:35,607 INFO  [SchemaManagerImpl] Registered facet: MultiviewPicture
12:08:35,607 INFO  [SchemaManagerImpl] Registered document type: Picture
12:08:35,607 INFO  [SchemaManagerImpl] Registered document type: Folder
12:08:35,607 INFO  [SchemaManagerImpl] Registered document type: OrderedFolder
12:08:35,607 INFO  [SchemaManagerImpl] Registered document type: Workspace
12:08:35,607 INFO  [SchemaManagerImpl] Registered document type: PictureBook
12:08:35,608 INFO  [VersioningComponent] Registered versioning policy: no-versioning-for-faceted-tag-before
12:08:35,608 INFO  [VersioningComponent] Registered versioning policy: no-versioning-for-faceted-tag
12:08:35,608 INFO  [VersioningComponent] Registered versioning filter: no-versioning-faceted-tag-filter
12:08:35,865 INFO  [UserService] UserService activated
12:08:35,870 INFO  [DocumentAdapterService] Registered document adapter factory null: interface org.nuxeo.ecm.platform.usermanager.UserAdapter
12:08:35,876 INFO  [PageProviderRegistry] Registering page provider with name users_listing
12:08:35,877 INFO  [PageProviderRegistry] Registering page provider with name nuxeo_principals_listing
12:08:35,877 INFO  [PageProviderRegistry] Registering page provider with name groups_listing
12:08:35,877 INFO  [PageProviderRegistry] Registering page provider with name nuxeo_groups_listing
12:08:35,877 INFO  [PageProviderRegistry] Registering page provider with name nuxeo_group_member_users_listing
12:08:35,877 INFO  [PageProviderRegistry] Registering page provider with name nuxeo_group_member_groups_listing
12:08:35,880 INFO  [DirectoryRegistry] Registered directory: userDirectory
12:08:35,881 INFO  [DirectoryRegistry] Registered directory: groupDirectory
12:08:35,882 INFO  [DataSourceComponent] Registering datasource: jdbc/nuxeojunittests
12:08:35,921 INFO  [DataSourceComponent] Registering DataSourceLink: java:comp/env/jdbc/repository_test
12:08:35,924 INFO  [RepositoryManagerImpl] Registering repository: test
12:08:35,925 INFO  [DataSourceComponent] Registering datasource: jdbc/nxsqldirectory
12:08:35,930 INFO  [DirectoryRegistry] Registered directory template: template-directory
12:08:35,931 INFO  [DirectoryRegistry] Registered directory template: template-user
12:08:35,931 INFO  [DirectoryRegistry] Registered directory template: template-group
12:08:35,932 INFO  [ComponentManagerImpl] Start components (isResume=false)
12:08:35,933 INFO  [ClusterServiceImpl] Using random cluster node id: 5252160733631572349
12:08:35,933 INFO  [DataSourceComponent] Registering datasource: jdbc/nxsqldirectory
12:08:35,933 INFO  [DataSourceComponent] Registering datasource: jdbc/nuxeojunittests
12:08:35,934 INFO  [DataSourceComponent] Registering DataSourceLink: java:comp/env/jdbc/repository_test
12:08:36,036 INFO  [JavaUtilLoggingHelper$LogHandler] Make sure you have set the command line option "--illegal-access=permit --add-exports java.base/jdk.internal.ref=ALL-UNNAMED"
12:08:36,149 INFO  [StreamServiceImpl] Create if not exists stream: bulk/command with manager: null
12:08:36,156 INFO  [StreamServiceImpl] Create if not exists stream: bulk/status with manager: null
12:08:36,161 INFO  [StreamServiceImpl] Create if not exists stream: bulk/done with manager: null
12:08:36,164 INFO  [StreamServiceImpl] Processor metrics disabled
12:08:36,164 INFO  [StreamServiceImpl] Init Stream processor: retentionExpired
12:08:36,260 INFO  [StreamServiceImpl] Init Stream processor: deletion
12:08:36,269 INFO  [StreamServiceImpl] Init Stream processor: recomputeViews
12:08:36,290 INFO  [StreamServiceImpl] Init Stream processor: bulkServiceProcessor
12:08:36,300 INFO  [StreamServiceImpl] Init Stream processor: streamIntrospection
12:08:36,302 INFO  [StreamServiceImpl] Init Stream processor: setProperties
12:08:36,310 INFO  [StreamServiceImpl] Init Stream processor: setSystemProperties
12:08:36,319 INFO  [StreamServiceImpl] Init Stream processor: removeProxy
12:08:36,327 INFO  [StreamServiceImpl] Init Stream processor: trash
12:08:36,333 INFO  [StreamServiceImpl] Init Stream processor: automation
12:08:36,343 INFO  [StreamServiceImpl] Init Stream processor: automationUi
12:08:36,351 INFO  [StreamServiceImpl] Init Stream processor: updateReadAcls
12:08:36,357 INFO  [WorkManagerImpl] Initializing dead letter queue to store Work in failure
12:08:36,369 INFO  [WorkManagerImpl] Initialized work queue default, WorkQueueDescriptor(id=default categories=[] queuing=true processing=true maxThreads=4 capacity=-1)
12:08:36,369 INFO  [WorkManagerImpl] Initialized work queue blobs, WorkQueueDescriptor(id=blobs categories=[blobListZip] queuing=true processing=true maxThreads=2 capacity=-1)
12:08:36,370 INFO  [WorkManagerImpl] Initialized work queue pictureViewsGeneration, WorkQueueDescriptor(id=pictureViewsGeneration categories=[pictureViewsGenerationListener, pictureViewsGeneration] queuing=true processing=true maxThreads=2 capacity=-1)
12:08:36,370 INFO  [WorkManagerImpl] Initialized work queue updateACEStatus, WorkQueueDescriptor(id=updateACEStatus categories=[updateACEStatus] queuing=true processing=true maxThreads=1 capacity=-1)
12:08:36,370 INFO  [WorkManagerImpl] Initialized work queue computeDigest, WorkQueueDescriptor(id=computeDigest categories=[computeDigest] queuing=true processing=true maxThreads=2 capacity=-1)
12:08:36,371 INFO  [WorkManagerImpl] Initialized work queue transientStorageGC, WorkQueueDescriptor(id=transientStorageGC categories=[transientStorageGC] queuing=true processing=true maxThreads=1 capacity=-1)
12:08:36,372 INFO  [MigrationServiceImpl] Not registering a migration invalidator because clustering is not enabled
12:08:36,444 INFO  [SchemaManagerImpl] Registered schema: core-types from /Users/thibaud/GitHub/nuxeo-sandbox/nuxeo-labs-utils/nuxeo-labs-utils-core/target/nxruntime-main-9080449629853893934.tmp/tmp/schemas/core-types.xsd
12:08:36,450 INFO  [SchemaManagerImpl] Registered schema: base from /Users/thibaud/GitHub/nuxeo-sandbox/nuxeo-labs-utils/nuxeo-labs-utils-core/target/nxruntime-main-9080449629853893934.tmp/tmp/schemas/base.xsd
12:08:36,460 INFO  [SchemaManagerImpl] Registered schema: relation from /Users/thibaud/GitHub/nuxeo-sandbox/nuxeo-labs-utils/nuxeo-labs-utils-core/target/nxruntime-main-9080449629853893934.tmp/tmp/schemas/relation.xsd
12:08:36,465 INFO  [SchemaManagerImpl] Registered schema: common from /Users/thibaud/GitHub/nuxeo-sandbox/nuxeo-labs-utils/nuxeo-labs-utils-core/target/nxruntime-main-9080449629853893934.tmp/tmp/schemas/common.xsd
12:08:36,471 INFO  [ObjectResolverServiceImpl] Unable to configure org.nuxeo.ecm.directory.DirectoryEntryResolver with parameters {directory=l10nsubjects}
12:08:36,472 INFO  [XSDLoader] type of null|null targets ObjectResolver namespace but has no matching resolver registered (please contribute to component : org.nuxeo.ecm.core.schema.ObjectResolverService)
12:08:36,473 INFO  [ObjectResolverServiceImpl] Unable to configure org.nuxeo.ecm.directory.DirectoryEntryResolver with parameters {directory=l10ncoverage}
12:08:36,473 INFO  [XSDLoader] type of coverage|null targets ObjectResolver namespace but has no matching resolver registered (please contribute to component : org.nuxeo.ecm.core.schema.ObjectResolverService)
12:08:36,474 INFO  [ObjectResolverServiceImpl] Unable to configure org.nuxeo.ecm.directory.DirectoryEntryResolver with parameters {directory=nature}
12:08:36,474 INFO  [XSDLoader] type of nature|null targets ObjectResolver namespace but has no matching resolver registered (please contribute to component : org.nuxeo.ecm.core.schema.ObjectResolverService)
12:08:36,474 INFO  [SchemaManagerImpl] Registered schema: dublincore from /Users/thibaud/GitHub/nuxeo-sandbox/nuxeo-labs-utils/nuxeo-labs-utils-core/target/nxruntime-main-9080449629853893934.tmp/tmp/schemas/dublincore.xsd
12:08:36,478 INFO  [SchemaManagerImpl] Registered schema: uid from /Users/thibaud/GitHub/nuxeo-sandbox/nuxeo-labs-utils/nuxeo-labs-utils-core/target/nxruntime-main-9080449629853893934.tmp/tmp/schemas/uid.xsd
12:08:36,487 INFO  [SchemaManagerImpl] Registered schema: file from /Users/thibaud/GitHub/nuxeo-sandbox/nuxeo-labs-utils/nuxeo-labs-utils-core/target/nxruntime-main-9080449629853893934.tmp/tmp/schemas/file.xsd
12:08:36,492 INFO  [SchemaManagerImpl] Registered schema: files from /Users/thibaud/GitHub/nuxeo-sandbox/nuxeo-labs-utils/nuxeo-labs-utils-core/target/nxruntime-main-9080449629853893934.tmp/tmp/schemas/files.xsd
12:08:36,496 INFO  [SchemaManagerImpl] Registered schema: note from /Users/thibaud/GitHub/nuxeo-sandbox/nuxeo-labs-utils/nuxeo-labs-utils-core/target/nxruntime-main-9080449629853893934.tmp/tmp/schemas/note.xsd
12:08:36,499 INFO  [SchemaManagerImpl] Registered schema: domain from /Users/thibaud/GitHub/nuxeo-sandbox/nuxeo-labs-utils/nuxeo-labs-utils-core/target/nxruntime-main-9080449629853893934.tmp/tmp/schemas/domain.xsd
12:08:36,503 INFO  [SchemaManagerImpl] Registered schema: relatedtext from /Users/thibaud/GitHub/nuxeo-sandbox/nuxeo-labs-utils/nuxeo-labs-utils-core/target/nxruntime-main-9080449629853893934.tmp/tmp/schemas/relatedtext.xsd
12:08:36,506 INFO  [SchemaManagerImpl] Registered schema: publishing from /Users/thibaud/GitHub/nuxeo-sandbox/nuxeo-labs-utils/nuxeo-labs-utils-core/target/nxruntime-main-9080449629853893934.tmp/tmp/schemas/publishing.xsd
12:08:36,512 INFO  [SchemaManagerImpl] Registered schema: webcontainer from /Users/thibaud/GitHub/nuxeo-sandbox/nuxeo-labs-utils/nuxeo-labs-utils-core/target/nxruntime-main-9080449629853893934.tmp/tmp/schemas/webcontainer.xsd
12:08:36,516 INFO  [SchemaManagerImpl] Registered schema: collection from /Users/thibaud/GitHub/nuxeo-sandbox/nuxeo-labs-utils/nuxeo-labs-utils-core/target/nxruntime-main-9080449629853893934.tmp/tmp/schemas/collection.xsd
12:08:36,520 INFO  [SchemaManagerImpl] Registered schema: collectionMember from /Users/thibaud/GitHub/nuxeo-sandbox/nuxeo-labs-utils/nuxeo-labs-utils-core/target/nxruntime-main-9080449629853893934.tmp/tmp/schemas/collectionMember.xsd
12:08:36,525 INFO  [SchemaManagerImpl] Registered schema: user from /Users/thibaud/GitHub/nuxeo-sandbox/nuxeo-labs-utils/nuxeo-labs-utils-core/target/nxruntime-main-9080449629853893934.tmp/tmp/schemas/user.xsd
12:08:36,532 INFO  [SchemaManagerImpl] Registered schema: group from /Users/thibaud/GitHub/nuxeo-sandbox/nuxeo-labs-utils/nuxeo-labs-utils-core/target/nxruntime-main-9080449629853893934.tmp/tmp/schemas/group.xsd
12:08:36,537 INFO  [SchemaManagerImpl] Registered schema: vocabulary from /Users/thibaud/GitHub/nuxeo-sandbox/nuxeo-labs-utils/nuxeo-labs-utils-core/target/nxruntime-main-9080449629853893934.tmp/tmp/schemas/vocabulary.xsd
12:08:36,541 INFO  [SchemaManagerImpl] Registered schema: xvocabulary from /Users/thibaud/GitHub/nuxeo-sandbox/nuxeo-labs-utils/nuxeo-labs-utils-core/target/nxruntime-main-9080449629853893934.tmp/tmp/schemas/xvocabulary.xsd
12:08:36,545 INFO  [SchemaManagerImpl] Registered schema: l10nvocabulary from /Users/thibaud/GitHub/nuxeo-sandbox/nuxeo-labs-utils/nuxeo-labs-utils-core/target/nxruntime-main-9080449629853893934.tmp/tmp/schemas/l10nvocabulary.xsd
12:08:36,548 INFO  [SchemaManagerImpl] Registered schema: l10nxvocabulary from /Users/thibaud/GitHub/nuxeo-sandbox/nuxeo-labs-utils/nuxeo-labs-utils-core/target/nxruntime-main-9080449629853893934.tmp/tmp/schemas/l10nxvocabulary.xsd
12:08:36,553 INFO  [SchemaManagerImpl] Registered schema: documentsLists from /Users/thibaud/GitHub/nuxeo-sandbox/nuxeo-labs-utils/nuxeo-labs-utils-core/target/nxruntime-main-9080449629853893934.tmp/tmp/schemas/documentsLists.xsd
12:08:36,558 INFO  [SchemaManagerImpl] Registered schema: picturebook from /Users/thibaud/GitHub/nuxeo-sandbox/nuxeo-labs-utils/nuxeo-labs-utils-core/target/nxruntime-main-9080449629853893934.tmp/tmp/schemas/picturebook.xsd
12:08:36,562 INFO  [SchemaManagerImpl] Registered schema: directory_configuration from /Users/thibaud/GitHub/nuxeo-sandbox/nuxeo-labs-utils/nuxeo-labs-utils-core/target/nxruntime-main-9080449629853893934.tmp/tmp/schemas/directory_configuration.xsd
12:08:36,566 INFO  [SchemaManagerImpl] Registered schema: tag from /Users/thibaud/GitHub/nuxeo-sandbox/nuxeo-labs-utils/nuxeo-labs-utils-core/target/nxruntime-main-9080449629853893934.tmp/tmp/schemas/tag.xsd
12:08:36,570 INFO  [SchemaManagerImpl] Registered schema: facetedTag from /Users/thibaud/GitHub/nuxeo-sandbox/nuxeo-labs-utils/nuxeo-labs-utils-core/target/nxruntime-main-9080449629853893934.tmp/tmp/schemas/facetedTag.xsd
12:08:36,578 INFO  [SchemaManagerImpl] Registered schema: picture from /Users/thibaud/GitHub/nuxeo-sandbox/nuxeo-labs-utils/nuxeo-labs-utils-core/target/nxruntime-main-9080449629853893934.tmp/tmp/schemas/picture.xsd
12:08:36,583 INFO  [SchemaManagerImpl] Registered schema: image_metadata from /Users/thibaud/GitHub/nuxeo-sandbox/nuxeo-labs-utils/nuxeo-labs-utils-core/target/nxruntime-main-9080449629853893934.tmp/tmp/schemas/image_metadata.xsd
12:08:36,591 INFO  [SchemaManagerImpl] Registered schema: iptc from /Users/thibaud/GitHub/nuxeo-sandbox/nuxeo-labs-utils/nuxeo-labs-utils-core/target/nxruntime-main-9080449629853893934.tmp/tmp/schemas/iptc.xsd
12:08:36,597 INFO  [CacheServiceImpl] Not registering a cache invalidator because clustering is not enabled
12:08:36,685 INFO  [AbstractDirectory] Load directory: userDirectory with dataLoadingPolicy: legacy and file: users.csv
12:08:36,733 INFO  [AbstractDirectory] Load directory: groupDirectory with dataLoadingPolicy: legacy and file: groups.csv
12:08:36,902 INFO  [RepositoryImpl] Repository test using lock manager VCSLockManager(repository_test)
12:08:36,905 INFO  [RepositoryImpl] VCS Mapper cache using: org.nuxeo.ecm.core.storage.sql.SoftRefCachingMapper
12:08:36,942 INFO  [AutomationComponent] You can activate automation trace mode to get more informations on automation executions
12:08:36,965 INFO  [StdSchedulerFactory] Using default implementation for ThreadExecutor
12:08:36,976 INFO  [SchedulerSignalerImpl] Initialized Scheduler Signaller of type: class org.quartz.core.SchedulerSignalerImpl
12:08:36,976 INFO  [QuartzScheduler] Quartz Scheduler v.2.3.2 created.
12:08:36,977 INFO  [RAMJobStore] RAMJobStore initialized.
12:08:36,977 INFO  [QuartzScheduler] Scheduler meta-data: Quartz Scheduler (v2.3.2) 'Quartz' with instanceId 'NON_CLUSTERED'
  Scheduler class: 'org.quartz.core.QuartzScheduler' - running locally.
  NOT STARTED.
  Currently in standby mode.
  Number of jobs executed: 0
  Using thread pool 'org.quartz.simpl.SimpleThreadPool' - with 1 threads.
  Using job-store 'org.quartz.simpl.RAMJobStore' - which does not support persistence. and is not clustered.

12:08:36,977 INFO  [StdSchedulerFactory] Quartz scheduler 'Quartz' initialized from an externally provided properties instance.
12:08:36,978 INFO  [StdSchedulerFactory] Quartz scheduler version: 2.3.2
12:08:36,978 INFO  [QuartzScheduler] Scheduler Quartz_$_NON_CLUSTERED started.
12:08:36,980 INFO  [SchedulerServiceImpl] Registering Schedule aceScheduler (cron=0 0/5 * * * ?)
12:08:36,990 INFO  [SchedulerServiceImpl] Registering Schedule transientStoreGC (cron=0 0/15 * * * ?)
12:08:36,991 INFO  [SchedulerServiceImpl] Registering Schedule orphanVersionsCleanup (cron=0 30 1 * * ?)
12:08:36,991 INFO  [SchedulerServiceImpl] Registering Schedule softDeleteCleanup (cron=0 0/15 * * * ?)
12:08:36,992 INFO  [SchedulerServiceImpl] Registering Schedule blobManagerDeleteMarkedBlobsSchedule (cron=0 0/15 * * * ?)
12:08:36,993 INFO  [SchedulerServiceImpl] scheduler started
12:08:36,994 WARN  [TransientStorageComponent] Missing configuration for default transient store, using in-memory
12:08:36,998 WARN  [TransientStorageComponent] Missing configuration for default transient store, using in-memory
12:08:37,000 INFO  [PageProviderClassReplacerRegistry] No page provider has been superseded
12:08:37,021 INFO  [ComputationPool] bulk/scroller: Starting pool
12:08:37,035 INFO  [ComputationPool] bulk/status: Starting pool
12:08:37,037 INFO  [ComputationPool] retention/retentionExpired: Starting pool
12:08:37,038 INFO  [ComputationPool] bulk/deletion: Starting pool
12:08:37,040 INFO  [ComputationPool] bulk/recomputeViews: Starting pool
12:08:37,045 INFO  [ComputationPool] stream/introspection: Starting pool
12:08:37,050 INFO  [ComputationPool] bulk/setProperties: Starting pool
12:08:37,050 WARN  [StreamIntrospectionComputation] Instance elected to introspect Nuxeo Stream activity
12:08:37,052 INFO  [ComputationPool] bulk/setSystemProperties: Starting pool
12:08:37,054 INFO  [ComputationPool] bulk/removeProxy: Starting pool
12:08:37,056 INFO  [ComputationPool] bulk/trash: Starting pool
12:08:37,057 INFO  [ComputationPool] bulk/automation: Starting pool
12:08:37,060 INFO  [ComputationPool] bulk/automationUi: Starting pool
12:08:37,061 INFO  [ComputationPool] bulk/updateReadAcls: Starting pool
12:08:37,063 INFO  [WorkManagerImpl] Activated work queue default, WorkQueueDescriptor(id=default categories=[] queuing=true processing=true maxThreads=4 capacity=-1)
12:08:37,066 INFO  [WorkManagerImpl] Activated work queue blobs, WorkQueueDescriptor(id=blobs categories=[blobListZip] queuing=true processing=true maxThreads=2 capacity=-1)
12:08:37,067 INFO  [WorkManagerImpl] Activated work queue pictureViewsGeneration, WorkQueueDescriptor(id=pictureViewsGeneration categories=[pictureViewsGenerationListener, pictureViewsGeneration] queuing=true processing=true maxThreads=2 capacity=-1)
12:08:37,067 INFO  [WorkManagerImpl] Activated work queue updateACEStatus, WorkQueueDescriptor(id=updateACEStatus categories=[updateACEStatus] queuing=true processing=true maxThreads=1 capacity=-1)
12:08:37,068 INFO  [WorkManagerImpl] Activated work queue computeDigest, WorkQueueDescriptor(id=computeDigest categories=[computeDigest] queuing=true processing=true maxThreads=2 capacity=-1)
12:08:37,069 INFO  [WorkManagerImpl] Activated work queue transientStorageGC, WorkQueueDescriptor(id=transientStorageGC categories=[transientStorageGC] queuing=true processing=true maxThreads=1 capacity=-1)
12:08:37,263 ERROR [OSGiRuntimeService] Nuxeo Platform Started
======================================================================
= Component Loading Warnings:
  * Missing configuration for default transient store, using in-memory
  * Missing configuration for default transient store, using in-memory
======================================================================
= Component Loading Status: Pending: 2 / Missing: 7 / Unstarted: 0 / Total: 197
  * service:org.nuxeo.ecm.platform.picture.web.preview.adapter.contrib requires [service:org.nuxeo.ecm.platform.preview.adapter.contrib]
  * service:org.nuxeo.ecm.platform.picture.renditions requires [service:org.nuxeo.ecm.platform.rendition.contrib]
  * service:org.nuxeo.ecm.platform.picture.binary.metadata.contrib references missing [target=org.nuxeo.binary.metadata;point=metadataMappings, target=org.nuxeo.binary.metadata;point=metadataRules]
  * service:org.nuxeo.ecm.platform.picture.filemanager.contrib references missing [target=org.nuxeo.ecm.platform.filemanager.service.FileManagerService;point=plugins]
  * service:org.nuxeo.ecm.platform.picture.jsf.types references missing [target=org.nuxeo.ecm.platform.types.TypeService;point=types]
  * service:org.nuxeo.ecm.core.automation.features.bindings references missing [target=org.nuxeo.ecm.automation.server.AutomationServer;point=bindings]
  * service:nuxeo.labs.utils.operations references missing [target=org.nuxeo.ecm.automation.server.AutomationServer;point=bindings]
  * service:org.nuxeo.runtime.stream.service.managment.contrib references missing [target=org.nuxeo.ecm.core.management.CoreManagementComponent;point=probes, target=org.nuxeo.ecm.core.management.CoreManagementComponent;point=healthCheck]
  * service:org.nuxeo.ecm.platform.picture.operation references missing [target=org.nuxeo.ecm.automation.server.AutomationServer;point=bindings]
======================================================================
12:08:37,395 INFO  [LocalBinaryManager] Registering binary manager 'test' using DefaultBinaryManager and binary store: /Users/thibaud/GitHub/nuxeo-sandbox/nuxeo-labs-utils/nuxeo-labs-utils-core/target/nxruntime-main-9080449629853893934.tmp/data/binaries
12:08:38,592 INFO  [ComputationPool] retention/retentionExpired: Stopping
12:08:38,711 INFO  [ComputationPool] bulk/deletion: Stopping
12:08:38,841 INFO  [ComputationPool] bulk/recomputeViews: Stopping
12:08:38,882 WARN  [Slf4jExceptionHandler$2] Cache should have been cleaned
12:08:38,884 INFO  [ComputationPool] bulk/status: Stopping
12:08:38,884 INFO  [ComputationPool] bulk/scroller: Stopping
12:08:38,917 WARN  [Slf4jExceptionHandler$2] Cache should have been cleaned
12:08:38,983 INFO  [ComputationPool] stream/introspection: Stopping
12:08:39,048 WARN  [Slf4jExceptionHandler$2] Cache should have been cleaned
12:08:39,048 INFO  [ComputationPool] bulk/setProperties: Stopping
12:08:39,114 INFO  [ComputationPool] bulk/setSystemProperties: Stopping
12:08:39,233 INFO  [ComputationPool] bulk/removeProxy: Stopping
12:08:39,365 INFO  [ComputationPool] bulk/trash: Stopping
12:08:39,376 INFO  [ComputationPool] bulk/automation: Stopping
12:08:39,394 INFO  [ComputationPool] bulk/automationUi: Stopping
12:08:39,516 INFO  [ComputationPool] bulk/updateReadAcls: Stopping
12:08:39,636 INFO  [ChronicleLogManager] Removing Chronicle Queues directory: /Users/thibaud/GitHub/nuxeo-sandbox/nuxeo-labs-utils/nuxeo-labs-utils-core/target/nxruntime-main-9080449629853893934.tmp/data/stream/bulk-status
12:08:39,642 INFO  [ChronicleLogManager] Removing Chronicle Queues directory: /Users/thibaud/GitHub/nuxeo-sandbox/nuxeo-labs-utils/nuxeo-labs-utils-core/target/nxruntime-main-9080449629853893934.tmp/data/stream/internal-processors
12:08:39,643 INFO  [ChronicleLogManager] Removing Chronicle Queues directory: /Users/thibaud/GitHub/nuxeo-sandbox/nuxeo-labs-utils/nuxeo-labs-utils-core/target/nxruntime-main-9080449629853893934.tmp/data/stream/bulk-done
12:08:39,644 INFO  [ChronicleLogManager] Removing Chronicle Queues directory: /Users/thibaud/GitHub/nuxeo-sandbox/nuxeo-labs-utils/nuxeo-labs-utils-core/target/nxruntime-main-9080449629853893934.tmp/data/stream/work-dlq
12:08:39,645 INFO  [ChronicleLogManager] Removing Chronicle Queues directory: /Users/thibaud/GitHub/nuxeo-sandbox/nuxeo-labs-utils/nuxeo-labs-utils-core/target/nxruntime-main-9080449629853893934.tmp/data/stream/bulk-updateReadAcls
12:08:39,647 INFO  [ChronicleLogManager] Removing Chronicle Queues directory: /Users/thibaud/GitHub/nuxeo-sandbox/nuxeo-labs-utils/nuxeo-labs-utils-core/target/nxruntime-main-9080449629853893934.tmp/data/stream/bulk-automation
12:08:39,648 INFO  [ChronicleLogManager] Removing Chronicle Queues directory: /Users/thibaud/GitHub/nuxeo-sandbox/nuxeo-labs-utils/nuxeo-labs-utils-core/target/nxruntime-main-9080449629853893934.tmp/data/stream/bulk-automationUi
12:08:39,650 INFO  [ChronicleLogManager] Removing Chronicle Queues directory: /Users/thibaud/GitHub/nuxeo-sandbox/nuxeo-labs-utils/nuxeo-labs-utils-core/target/nxruntime-main-9080449629853893934.tmp/data/stream/bulk-removeProxy
12:08:39,651 INFO  [ChronicleLogManager] Removing Chronicle Queues directory: /Users/thibaud/GitHub/nuxeo-sandbox/nuxeo-labs-utils/nuxeo-labs-utils-core/target/nxruntime-main-9080449629853893934.tmp/data/stream/bulk-setProperties
12:08:39,653 INFO  [ChronicleLogManager] Removing Chronicle Queues directory: /Users/thibaud/GitHub/nuxeo-sandbox/nuxeo-labs-utils/nuxeo-labs-utils-core/target/nxruntime-main-9080449629853893934.tmp/data/stream/bulk-trash
12:08:39,654 INFO  [ChronicleLogManager] Removing Chronicle Queues directory: /Users/thibaud/GitHub/nuxeo-sandbox/nuxeo-labs-utils/nuxeo-labs-utils-core/target/nxruntime-main-9080449629853893934.tmp/data/stream/bulk-command
12:08:39,656 INFO  [ChronicleLogManager] Removing Chronicle Queues directory: /Users/thibaud/GitHub/nuxeo-sandbox/nuxeo-labs-utils/nuxeo-labs-utils-core/target/nxruntime-main-9080449629853893934.tmp/data/stream/bulk-deletion
12:08:39,658 INFO  [ChronicleLogManager] Removing Chronicle Queues directory: /Users/thibaud/GitHub/nuxeo-sandbox/nuxeo-labs-utils/nuxeo-labs-utils-core/target/nxruntime-main-9080449629853893934.tmp/data/stream/bulk-setSystemProperties
12:08:39,659 INFO  [ChronicleLogManager] Removing Chronicle Queues directory: /Users/thibaud/GitHub/nuxeo-sandbox/nuxeo-labs-utils/nuxeo-labs-utils-core/target/nxruntime-main-9080449629853893934.tmp/data/stream/bulk-recomputeViews
12:08:39,662 INFO  [ChronicleLogManager] Removing Chronicle Queues directory: /Users/thibaud/GitHub/nuxeo-sandbox/nuxeo-labs-utils/nuxeo-labs-utils-core/target/nxruntime-main-9080449629853893934.tmp/data/stream/retention-retentionExpired
12:08:39,664 INFO  [ChronicleLogManager] Removing Chronicle Queues directory: /Users/thibaud/GitHub/nuxeo-sandbox/nuxeo-labs-utils/nuxeo-labs-utils-core/target/nxruntime-main-9080449629853893934.tmp/data/stream/internal-metrics
12:08:39,665 INFO  [AbstractRuntimeService] Stopping Nuxeo Runtime service OSGi NXRuntime; version: 1.4.0
12:08:39,665 INFO  [ComponentManagerImpl] Stopping Nuxeo Components
12:08:39,665 INFO  [ComponentManagerImpl] Stop components (isStandby=false)
12:08:39,667 INFO  [WorkManagerImpl] Deactivated work queue default
12:08:39,667 INFO  [WorkManagerImpl] Deactivated work queue blobs
12:08:39,667 INFO  [WorkManagerImpl] Deactivated work queue pictureViewsGeneration
12:08:39,667 INFO  [WorkManagerImpl] Deactivated work queue updateACEStatus
12:08:39,668 INFO  [WorkManagerImpl] Deactivated work queue computeDigest
12:08:39,668 INFO  [WorkManagerImpl] Deactivated work queue transientStorageGC
12:08:39,670 INFO  [QuartzScheduler] Scheduler Quartz_$_NON_CLUSTERED paused.
12:08:39,672 INFO  [RepositoryService] Shutting down repository manager
12:08:39,674 WARN  [Slf4jExceptionHandler$2] Cache should have been cleaned
12:08:39,674 WARN  [Slf4jExceptionHandler$2] Cache should have been cleaned
12:08:39,674 WARN  [Slf4jExceptionHandler$2] Cache should have been cleaned
12:08:39,675 WARN  [Slf4jExceptionHandler$2] Cache should have been cleaned
12:08:39,676 INFO  [DataSourceComponent] Unregistering DataSourceLink: java:comp/env/jdbc/repository_test
12:08:39,676 INFO  [DataSourceComponent] Unregistering datasource: jdbc/nxsqldirectory
12:08:39,676 INFO  [DataSourceComponent] Unregistering datasource: jdbc/nuxeojunittests
12:08:39,676 INFO  [ComponentManagerImpl] Deactivate components
12:08:39,676 INFO  [UserService] UserService deactivated
12:08:39,677 INFO  [QuartzScheduler] Scheduler Quartz_$_NON_CLUSTERED shutting down.
12:08:39,677 INFO  [QuartzScheduler] Scheduler Quartz_$_NON_CLUSTERED paused.
12:08:39,678 INFO  [QuartzScheduler] Scheduler Quartz_$_NON_CLUSTERED shutdown complete.
